TN:
SF:src\controllers\Rodadas\RodadaController.ts
FN:5,create
FN:24,delete
FNF:2
FNH:2
FNDA:2,create
FNDA:2,delete
DA:1,1
DA:2,1
DA:3,1
DA:4,1
DA:5,1
DA:6,2
DA:7,2
DA:8,1
DA:9,1
DA:10,1
DA:11,1
DA:12,1
DA:13,1
DA:14,1
DA:15,2
DA:16,0
DA:17,0
DA:18,1
DA:19,1
DA:20,1
DA:21,1
DA:22,1
DA:23,1
DA:24,1
DA:25,2
DA:26,2
DA:27,1
DA:28,1
DA:29,1
DA:30,1
DA:31,1
DA:32,2
DA:33,0
DA:34,0
DA:35,1
DA:36,1
DA:37,1
DA:38,1
DA:39,1
DA:40,1
LF:40
LH:36
BRDA:5,0,0,2
BRDA:7,1,0,1
BRDA:15,2,0,0
BRDA:18,3,0,1
BRDA:24,4,0,2
BRDA:26,5,0,1
BRDA:32,6,0,0
BRDA:35,7,0,1
BRF:8
BRH:6
end_of_record
